<?xml version="1.0" encoding="UTF-8"?>
<!-- Generated by org.testng.reporters.JUnitXMLReporter -->
<testsuite hostname="DESKTOP-9QJMC74" ignored="0" name="login" tests="6" failures="0" timestamp="01 Mar 2018 16:01:41 GMT" time="0.07" errors="0">
  <testcase name="Demo" time="0.015" classname="test.framework"/>
  <testcase name="secondtest" time="0.002" classname="test.framework"/>
  <testcase name="username" time="0.002" classname="test.framework1"/>
  <testcase name="apiloginhome" time="0.003" classname="test.framework3"/>
  <testcase name="mobileloginhome" time="0.001" classname="test.framework3"/>
  <testcase name="webloginhome" time="0.001" classname="test.framework3"/>
</testsuite> <!-- login -->
