<?xml version="1.0" encoding="UTF-8"?>
<!-- Generated by org.testng.reporters.JUnitXMLReporter -->
<testsuite hostname="DESKTOP-9QJMC74" ignored="3" tests="0" failures="0" timestamp="01 Mar 2018 16:01:41 GMT" time="0.0" errors="0">
  <testcase name="apilogin" time="0.0" classname="test.framework2">
    <ignored/>
  </testcase> <!-- apilogin -->
  <testcase name="mobilelogin" time="0.0" classname="test.framework2">
    <ignored/>
  </testcase> <!-- mobilelogin -->
  <testcase name="weblogin" time="0.0" classname="test.framework2">
    <ignored/>
  </testcase> <!-- weblogin -->
</testsuite>
